\BOOKMARK [1][-]{section.1}{\376\377\137\025\212\000}{}% 1
\BOOKMARK [1][-]{section.2}{\376\377\133\236\232\214\123\237\164\006}{}% 2
\BOOKMARK [2][-]{subsection.2.1}{\376\377\221\317\133\120\122\233\133\146\210\150\217\360}{section.2}% 3
\BOOKMARK [3][-]{subsubsection.2.1.1}{\376\377\123\237\133\120\150\070\201\352\145\313}{subsection.2.1}% 4
\BOOKMARK [3][-]{subsubsection.2.1.2}{\376\377\130\136\146\374\122\006\210\302}{subsection.2.1}% 5
\BOOKMARK [2][-]{subsection.2.2}{\376\377\133\217\211\302\164\006\213\272}{section.2}% 6
\BOOKMARK [3][-]{subsubsection.2.2.1}{\376\377\123\125\150\070\142\311\203\253\134\024\217\333\122\250}{subsection.2.2}% 7
\BOOKMARK [3][-]{subsubsection.2.2.2}{\376\377\170\301\123\026\137\072\136\246\166\204\217\333\122\250}{subsection.2.2}% 8
\BOOKMARK [3][-]{subsubsection.2.2.3}{\376\377\137\033\214\153\217\307\172\013}{subsection.2.2}% 9
\BOOKMARK [3][-]{subsubsection.2.2.4}{\376\377\136\003\155\033\215\153\145\271\172\013}{subsection.2.2}% 10
\BOOKMARK [3][-]{subsubsection.2.2.5}{\376\377\172\063\140\001\211\343}{subsection.2.2}% 11
\BOOKMARK [2][-]{subsection.2.3}{\376\377\142\153\143\317\170\301\127\072\116\013\166\204\121\161\143\057\117\341\123\367}{section.2}% 12
\BOOKMARK [2][-]{subsection.2.4}{\376\377\201\011\121\262\170\301\127\072\116\013\166\204\121\161\143\057\117\341\123\367}{section.2}% 13
\BOOKMARK [3][-]{subsubsection.2.4.1}{\376\377\170\301\127\072\201\011\121\262}{subsection.2.4}% 14
\BOOKMARK [3][-]{subsubsection.2.4.2}{\376\377\201\011\121\262\136\217\122\027\116\016\201\352\145\313\126\336\154\342}{subsection.2.4}% 15
\BOOKMARK [2][-]{subsection.2.5}{\376\377\123\026\133\146\117\115\171\373}{section.2}% 16
\BOOKMARK [1][-]{section.3}{\376\377\133\236\232\214\121\205\133\271}{}% 17
\BOOKMARK [2][-]{subsection.3.1}{\376\377\116\352\126\150\217\336\143\245\121\306\131\007}{section.3}% 18
\BOOKMARK [2][-]{subsection.3.2}{\376\377\150\070\170\301\121\161\143\057\117\341\123\367\166\204\214\003\202\202}{section.3}% 19
\BOOKMARK [2][-]{subsection.3.3}{\376\377\201\011\121\262\150\070\170\301\121\161\143\057}{section.3}% 20
\BOOKMARK [1][-]{section.4}{\376\377\133\236\232\214\176\323\147\234\116\016\122\006\147\220\213\250\213\272}{}% 21
\BOOKMARK [2][-]{subsection.4.1}{\376\377\217\336\176\355\150\070\170\301\121\161\143\057\133\236\232\214}{section.4}% 22
\BOOKMARK [2][-]{subsection.4.2}{\376\377\201\011\121\262\150\070\170\301\121\161\143\057\133\236\232\214}{section.4}% 23
\BOOKMARK [3][-]{subsubsection.4.2.1}{\376\377\152\052\124\021\137\033\214\153\145\366\225\364\155\113\221\317}{subsection.4.2}% 24
\BOOKMARK [3][-]{subsubsection.4.2.2}{\376\377\123\026\133\146\117\115\171\373\155\113\221\317}{subsection.4.2}% 25
\BOOKMARK [1][-]{section.5}{\376\377\176\323\213\272\116\016\136\372\213\256}{}% 26
\BOOKMARK [1][-]{appendix.A}{\376\377\116\352\126\150\123\302\145\160}{}% 27
\BOOKMARK [1][-]{appendix.B}{\376\377\133\236\232\214\154\350\141\017\116\213\230\171}{}% 28
\BOOKMARK [1][-]{appendix.C}{\376\377\133\236\232\214\213\260\137\125}{}% 29
